<!DOCTYPE html>
<html lang="en">
<head>
<title>#6BCT - Spec Example 6.3. Separation Spaces - YAML Test Matrix</title>
<meta charset='utf-8'>
<link rel="stylesheet" type="text/css" href="../css/yaml.css">
<link rel="stylesheet" type="text/css" href="../css/matrix.css">
<link rel="icon" type="image/x-icon" href="http://www.yaml.io/favicon.ico">
</head>
<body>

<h1><a href="../index.html"><tt># YAML Test Matrix</tt></a></h1>
<h2><tt>--- <a
href="https://github.com/yaml/yaml-test-suite/blob/master/test/6BCT.tml">&test-6BCT</a><br>
&nbsp;&nbsp;Title: Spec Example 6.3. Separation Spaces</br>
&nbsp;&nbsp;Tags: [ libyaml-err, sequence, spec, upto-1.2, whitespace ]</tt></h2>

<div class="framework" id="yaml"><h3><a href="#yaml">YAML</a></h3><pre>- foo:	 bar
- - baz
  -	baz
</pre></div>
<div class="framework" id="events"><h3><a href="#events">Expected Events</a></h3><pre>+STR
+DOC
+SEQ
+MAP
=VAL :foo
=VAL :bar
-MAP
+SEQ
=VAL :baz
=VAL :baz
-SEQ
-SEQ
-DOC
-STR
</pre></div>
<div class="framework" id="json"><h3><a href="#json">Expected JSON</a></h3>
<pre>[<br>  {<br>    &quot;foo&quot;: &quot;bar&quot;<br>  },<br>  [<br>    &quot;baz&quot;,<br>    &quot;baz&quot;<br>  ]<br>]<br></pre>
</div>
<hr style="clear: both;">
   <div class="framework framework_box_ok" id="cpp-event">
<h3><a href="#cpp-event">cpp-event</a></h3>
<span class="status_box color_ok">&nbsp;</span>ok   </div>


  <div class="framework framework_box_ok" id="hs-yaml-event">
<h3><a href="#hs-yaml-event">hs-yaml-event</a></h3>
<span class="status_box color_ok">&nbsp;</span>ok   </div>


  <div class="framework framework_box_ok" id="js-event">
<h3><a href="#js-event">js-event</a></h3>
<span class="status_box color_ok">&nbsp;</span>ok   </div>


  <div class="framework framework_box_ok" id="nimyaml-event">
<h3><a href="#nimyaml-event">nimyaml-event</a></h3>
<span class="status_box color_ok">&nbsp;</span>ok   </div>


  <div class="framework framework_box_ok" id="perl5-pp-event">
<h3><a href="#perl5-pp-event">perl5-pp-event</a></h3>
<span class="status_box color_ok">&nbsp;</span>ok   </div>


 <hr style="clear: both;">    <div class="framework framework_box_json_ok" id="hs-yaml-json">
<h3><a href="#hs-yaml-json">hs-yaml-json</a></h3>
<span class="status_box color_json_ok">&nbsp;</span>json_ok   </div>


  <div class="framework framework_box_json_ok" id="js-json">
<h3><a href="#js-json">js-json</a></h3>
<span class="status_box color_json_ok">&nbsp;</span>json_ok   </div>


  <div class="framework framework_box_json_ok" id="js-yaml-json">
<h3><a href="#js-yaml-json">js-yaml-json</a></h3>
<span class="status_box color_json_ok">&nbsp;</span>json_ok   </div>


  <div class="framework framework_box_json_ok" id="perl5-pp-json">
<h3><a href="#perl5-pp-json">perl5-pp-json</a></h3>
<span class="status_box color_json_ok">&nbsp;</span>json_ok   </div>


 <hr style="clear: both;">    <div class="framework framework_box_diff" id="perl5-pegex-event">
<h3><a href="#perl5-pegex-event">perl5-pegex-event</a></h3>
<span class="status_box color_diff">&nbsp;</span>diff <br>

  Got Events:
<pre><span
class="">+STR</span>
<span
class="">+DOC</span>
<span
class="">+SEQ</span>
<span
class="diff_line">=VAL :foo</span>
<span
class="">-SEQ</span>
<span
class="">-DOC</span>
<span
class="">+DOC</span>
<span
class="">+MAP</span>
<span
class="">=VAL :</span>
<span
class="">=VAL :bar</span>
<span
class="">-MAP</span>
<span
class="">-DOC</span>
<span
class="">+DOC</span>
<span
class="">+SEQ</span>
<span
class="">+SEQ</span>
<span
class="">=VAL :baz</span>
<span
class="">=VAL :baz</span>
<span
class="">-SEQ</span>
<span
class="">-SEQ</span>
<span
class="">-DOC</span>
<span
class="">-STR</span>
</pre>

 </div>


 <hr style="clear: both;">       <div class="framework framework_box_error" id="java-event">
<h3><a href="#java-event">java-event</a></h3>
<span class="status_box color_error">&nbsp;</span>error <pre>Exception in thread &quot;main&quot; while scanning for the next token
found character &#39;\t(TAB)&#39; that cannot start any token. (Do not use \t(TAB) for indentation)
 in &#39;reader&#39;, line 1, column 7:
    - foo:	 bar
          ^

	at org.yaml.snakeyaml.scanner.ScannerImpl.fetchMoreTokens(ScannerImpl.java:419)
	at org.yaml.snakeyaml.scanner.ScannerImpl.checkToken(ScannerImpl.java:227)
	at org.yaml.snakeyaml.parser.ParserImpl$ParseBlockMappingValue.produce(ParserImpl.java:586)
	at org.yaml.snakeyaml.parser.ParserImpl.peekEvent(ParserImpl.java:158)
	at org.yaml.snakeyaml.Yaml$3.hasNext(Yaml.java:711)
	at org.yaml.editor.Snake2Events.yamlToEvents(Snake2Events.java:111)
	at org.yaml.editor.Snake2Events.main(Snake2Events.java:119)
</pre>
 </div>


  <div class="framework framework_box_error" id="java-json">
<h3><a href="#java-json">java-json</a></h3>
<span class="status_box color_error">&nbsp;</span>error <pre>Exception in thread &quot;main&quot; while scanning for the next token
found character &#39;\t(TAB)&#39; that cannot start any token. (Do not use \t(TAB) for indentation)
 in &#39;reader&#39;, line 1, column 7:
    - foo:	 bar
          ^

	at org.yaml.snakeyaml.scanner.ScannerImpl.fetchMoreTokens(ScannerImpl.java:419)
	at org.yaml.snakeyaml.scanner.ScannerImpl.checkToken(ScannerImpl.java:227)
	at org.yaml.snakeyaml.parser.ParserImpl$ParseBlockMappingValue.produce(ParserImpl.java:586)
	at org.yaml.snakeyaml.parser.ParserImpl.peekEvent(ParserImpl.java:158)
	at org.yaml.snakeyaml.parser.ParserImpl.checkEvent(ParserImpl.java:148)
	at org.yaml.snakeyaml.composer.Composer.composeNode(Composer.java:124)
	at org.yaml.snakeyaml.composer.Composer.composeValueNode(Composer.java:236)
	at org.yaml.snakeyaml.composer.Composer.composeMappingChildren(Composer.java:227)
	at org.yaml.snakeyaml.composer.Composer.composeMappingNode(Composer.java:215)
	at org.yaml.snakeyaml.composer.Composer.composeNode(Composer.java:144)
	at org.yaml.snakeyaml.composer.Composer.composeSequenceNode(Composer.java:189)
	at org.yaml.snakeyaml.composer.Composer.composeNode(Composer.java:142)
	at org.yaml.snakeyaml.composer.Composer.getNode(Composer.java:85)
	at org.yaml.snakeyaml.constructor.BaseConstructor.getData(BaseConstructor.java:123)
	at org.yaml.snakeyaml.Yaml$1.next(Yaml.java:547)
	at org.yaml.editor.Snake2Json.yamlToJson(Snake2Json.java:18)
	at org.yaml.editor.Snake2Json.main(Snake2Json.java:25)
</pre>
 </div>


  <div class="framework framework_box_error" id="libyaml-event">
<h3><a href="#libyaml-event">libyaml-event</a></h3>
<span class="status_box color_error">&nbsp;</span>error <pre>+STR
+DOC
+SEQ
+MAP
=VAL :foo
=VAL :bar
-MAP
+SEQ
=VAL :baz
Parse error: found character that cannot start any token
</pre>
 </div>


  <div class="framework framework_box_error" id="luajit-json">
<h3><a href="#luajit-json">luajit-json</a></h3>
<span class="status_box color_error">&nbsp;</span>error <pre>luajit: found character that cannot start any token at document: 1, line: 3, column: 4
while scanning for the next token at line: 3, column: 4

stack traceback:
	[C]: in function &#39;load&#39;
	/bin/luajit-json:6: in main chunk
	[C]: at 0x004044a0
</pre>
 </div>


  <div class="framework framework_box_error" id="perl5-pm-json">
<h3><a href="#perl5-pm-json">perl5-pm-json</a></h3>
<span class="status_box color_error">&nbsp;</span>error <pre>YAML Error: Invalid element in sequence
   Code: YAML_LOAD_ERR_BAD_SEQ_ELEMENT
   Line: 3
   Document: 1
 at /lib/perl5/YAML/Loader.pm line 397.
</pre>
 </div>


  <div class="framework framework_box_error" id="perl5-pm-pl">
<h3><a href="#perl5-pm-pl">perl5-pm-pl</a></h3>
<span class="status_box color_error">&nbsp;</span>error <pre>YAML Error: Invalid element in sequence
   Code: YAML_LOAD_ERR_BAD_SEQ_ELEMENT
   Line: 3
   Document: 1
 at /lib/perl5/YAML/Loader.pm line 397.
</pre>
 </div>


  <div class="framework framework_box_error" id="perl5-syck-json">
<h3><a href="#perl5-syck-json">perl5-syck-json</a></h3>
<span class="status_box color_error">&nbsp;</span>error <pre>Syck parser (line 4, column -1): syntax error at /lib/perl5/x86_64-linux-gnu-thread-multi/YAML/Syck.pm line 75, &lt;&gt; line 1.
</pre>
 </div>


  <div class="framework framework_box_error" id="perl5-syck-pl">
<h3><a href="#perl5-syck-pl">perl5-syck-pl</a></h3>
<span class="status_box color_error">&nbsp;</span>error <pre>Syck parser (line 4, column -1): syntax error at /lib/perl5/x86_64-linux-gnu-thread-multi/YAML/Syck.pm line 75, &lt;&gt; line 1.
</pre>
 </div>


  <div class="framework framework_box_error" id="perl5-tiny-json">
<h3><a href="#perl5-tiny-json">perl5-tiny-json</a></h3>
<span class="status_box color_error">&nbsp;</span>error <pre>YAML::Tiny found illegal characters in plain scalar: &#39;- baz&#39; at /bin/perl5-tiny-json line 12.
</pre>
 </div>


  <div class="framework framework_box_error" id="perl5-tiny-pl">
<h3><a href="#perl5-tiny-pl">perl5-tiny-pl</a></h3>
<span class="status_box color_error">&nbsp;</span>error <pre>YAML::Tiny found illegal characters in plain scalar: &#39;- baz&#39; at /bin/perl5-tiny-pl line 15.
</pre>
 </div>


  <div class="framework framework_box_error" id="perl5-xs-json">
<h3><a href="#perl5-xs-json">perl5-xs-json</a></h3>
<span class="status_box color_error">&nbsp;</span>error <pre>YAML::XS::Load Error: The problem:

    found character that cannot start any token

was found at document: 1, line: 3, column: 4
while scanning for the next token at line: 3, column: 4
</pre>
 </div>


  <div class="framework framework_box_error" id="perl5-xs-pl">
<h3><a href="#perl5-xs-pl">perl5-xs-pl</a></h3>
<span class="status_box color_error">&nbsp;</span>error <pre>YAML::XS::Load Error: The problem:

    found character that cannot start any token

was found at document: 1, line: 3, column: 4
while scanning for the next token at line: 3, column: 4
</pre>
 </div>


  <div class="framework framework_box_error" id="pyyaml-event">
<h3><a href="#pyyaml-event">pyyaml-event</a></h3>
<span class="status_box color_error">&nbsp;</span>error <pre>+STR
+DOC
+SEQ
+MAP
=VAL :foo
Traceback (most recent call last):
  File &quot;/bin/pyyaml-event&quot;, line 10, in &lt;module&gt;
    for event in yaml.parse(sys.stdin.read()):
  File &quot;/lib/python2.7/site-packages/yaml/__init__.py&quot;, line 36, in parse
    while loader.check_event():
  File &quot;/lib/python2.7/site-packages/yaml/parser.py&quot;, line 98, in check_event
    self.current_event = self.state()
  File &quot;/lib/python2.7/site-packages/yaml/parser.py&quot;, line 449, in parse_block_mapping_value
    if not self.check_token(KeyToken, ValueToken, BlockEndToken):
  File &quot;/lib/python2.7/site-packages/yaml/scanner.py&quot;, line 116, in check_token
    self.fetch_more_tokens()
  File &quot;/lib/python2.7/site-packages/yaml/scanner.py&quot;, line 260, in fetch_more_tokens
    % ch.encode(&#39;utf-8&#39;), self.get_mark())
yaml.scanner.ScannerError: while scanning for the next token
found character &#39;\t&#39; that cannot start any token
  in &quot;&lt;string&gt;&quot;, line 1, column 7:
    - foo:	 bar
          ^
</pre>
 </div>


  <div class="framework framework_box_error" id="pyyaml-json">
<h3><a href="#pyyaml-json">pyyaml-json</a></h3>
<span class="status_box color_error">&nbsp;</span>error <pre>Traceback (most recent call last):
  File &quot;/bin/pyyaml-json&quot;, line 19, in &lt;module&gt;
    for doc in yaml.load_all(sys.stdin.read()):
  File &quot;/lib/python2.7/site-packages/yaml/__init__.py&quot;, line 90, in load_all
    yield loader.get_data()
  File &quot;/lib/python2.7/site-packages/yaml/constructor.py&quot;, line 33, in get_data
    return self.construct_document(self.get_node())
  File &quot;/lib/python2.7/site-packages/yaml/composer.py&quot;, line 27, in get_node
    return self.compose_document()
  File &quot;/lib/python2.7/site-packages/yaml/composer.py&quot;, line 55, in compose_document
    node = self.compose_node(None, None)
  File &quot;/lib/python2.7/site-packages/yaml/composer.py&quot;, line 82, in compose_node
    node = self.compose_sequence_node(anchor)
  File &quot;/lib/python2.7/site-packages/yaml/composer.py&quot;, line 111, in compose_sequence_node
    node.value.append(self.compose_node(node, index))
  File &quot;/lib/python2.7/site-packages/yaml/composer.py&quot;, line 84, in compose_node
    node = self.compose_mapping_node(anchor)
  File &quot;/lib/python2.7/site-packages/yaml/composer.py&quot;, line 133, in compose_mapping_node
    item_value = self.compose_node(node, item_key)
  File &quot;/lib/python2.7/site-packages/yaml/composer.py&quot;, line 64, in compose_node
    if self.check_event(AliasEvent):
  File &quot;/lib/python2.7/site-packages/yaml/parser.py&quot;, line 98, in check_event
    self.current_event = self.state()
  File &quot;/lib/python2.7/site-packages/yaml/parser.py&quot;, line 449, in parse_block_mapping_value
    if not self.check_token(KeyToken, ValueToken, BlockEndToken):
  File &quot;/lib/python2.7/site-packages/yaml/scanner.py&quot;, line 116, in check_token
    self.fetch_more_tokens()
  File &quot;/lib/python2.7/site-packages/yaml/scanner.py&quot;, line 260, in fetch_more_tokens
    % ch.encode(&#39;utf-8&#39;), self.get_mark())
yaml.scanner.ScannerError: while scanning for the next token
found character &#39;\t&#39; that cannot start any token
  in &quot;&lt;string&gt;&quot;, line 1, column 7:
    - foo:	 bar
          ^
</pre>
 </div>


  <div class="framework framework_box_error" id="pyyaml-py">
<h3><a href="#pyyaml-py">pyyaml-py</a></h3>
<span class="status_box color_error">&nbsp;</span>error <pre>Traceback (most recent call last):
  File &quot;/bin/pyyaml-py&quot;, line 36, in &lt;module&gt;
    for doc in yaml.load_all(sys.stdin.read()):
  File &quot;/lib/python2.7/site-packages/yaml/__init__.py&quot;, line 90, in load_all
    yield loader.get_data()
  File &quot;/lib/python2.7/site-packages/yaml/constructor.py&quot;, line 33, in get_data
    return self.construct_document(self.get_node())
  File &quot;/lib/python2.7/site-packages/yaml/composer.py&quot;, line 27, in get_node
    return self.compose_document()
  File &quot;/lib/python2.7/site-packages/yaml/composer.py&quot;, line 55, in compose_document
    node = self.compose_node(None, None)
  File &quot;/lib/python2.7/site-packages/yaml/composer.py&quot;, line 82, in compose_node
    node = self.compose_sequence_node(anchor)
  File &quot;/lib/python2.7/site-packages/yaml/composer.py&quot;, line 111, in compose_sequence_node
    node.value.append(self.compose_node(node, index))
  File &quot;/lib/python2.7/site-packages/yaml/composer.py&quot;, line 84, in compose_node
    node = self.compose_mapping_node(anchor)
  File &quot;/lib/python2.7/site-packages/yaml/composer.py&quot;, line 133, in compose_mapping_node
    item_value = self.compose_node(node, item_key)
  File &quot;/lib/python2.7/site-packages/yaml/composer.py&quot;, line 64, in compose_node
    if self.check_event(AliasEvent):
  File &quot;/lib/python2.7/site-packages/yaml/parser.py&quot;, line 98, in check_event
    self.current_event = self.state()
  File &quot;/lib/python2.7/site-packages/yaml/parser.py&quot;, line 449, in parse_block_mapping_value
    if not self.check_token(KeyToken, ValueToken, BlockEndToken):
  File &quot;/lib/python2.7/site-packages/yaml/scanner.py&quot;, line 116, in check_token
    self.fetch_more_tokens()
  File &quot;/lib/python2.7/site-packages/yaml/scanner.py&quot;, line 260, in fetch_more_tokens
    % ch.encode(&#39;utf-8&#39;), self.get_mark())
yaml.scanner.ScannerError: while scanning for the next token
found character &#39;\t&#39; that cannot start any token
  in &quot;&lt;string&gt;&quot;, line 1, column 7:
    - foo:	 bar
          ^
</pre>
 </div>


  <div class="framework framework_box_error" id="ruamel-event">
<h3><a href="#ruamel-event">ruamel-event</a></h3>
<span class="status_box color_error">&nbsp;</span>error <pre>+STR
+DOC
+SEQ
+MAP
=VAL :foo
Traceback (most recent call last):
  File &quot;/bin/ruamel-event&quot;, line 10, in &lt;module&gt;
    for event in ruamel.yaml.parse(sys.stdin.read()):
  File &quot;/usr/local/lib/python2.7/dist-packages/ruamel/yaml/main.py&quot;, line 880, in parse
    while loader._parser.check_event():
  File &quot;/usr/local/lib/python2.7/dist-packages/ruamel/yaml/parser.py&quot;, line 141, in check_event
    self.current_event = self.state()
  File &quot;/usr/local/lib/python2.7/dist-packages/ruamel/yaml/parser.py&quot;, line 592, in parse_block_mapping_value
    if self.scanner.check_token(ValueToken):
  File &quot;/usr/local/lib/python2.7/dist-packages/ruamel/yaml/scanner.py&quot;, line 169, in check_token
    self.fetch_more_tokens()
  File &quot;/usr/local/lib/python2.7/dist-packages/ruamel/yaml/scanner.py&quot;, line 321, in fetch_more_tokens
    self.reader.get_mark(),
ruamel.yaml.scanner.ScannerError: while scanning for the next token
found character &#39;\t&#39; that cannot start any token
  in &quot;&lt;byte string&gt;&quot;, line 1, column 7:
    - foo:	 bar
          ^ (line: 1)
</pre>
 </div>


  <div class="framework framework_box_error" id="ruamel-json">
<h3><a href="#ruamel-json">ruamel-json</a></h3>
<span class="status_box color_error">&nbsp;</span>error <pre>Traceback (most recent call last):
  File &quot;/bin/ruamel-json&quot;, line 19, in &lt;module&gt;
    for doc in ruamel.yaml.load_all(sys.stdin.read(), Loader=ruamel.yaml.Loader):
  File &quot;/usr/local/lib/python2.7/dist-packages/ruamel/yaml/main.py&quot;, line 949, in load_all
    yield loader._constructor.get_data()
  File &quot;/usr/local/lib/python2.7/dist-packages/ruamel/yaml/constructor.py&quot;, line 101, in get_data
    return self.construct_document(self.composer.get_node())
  File &quot;/usr/local/lib/python2.7/dist-packages/ruamel/yaml/composer.py&quot;, line 68, in get_node
    return self.compose_document()
  File &quot;/usr/local/lib/python2.7/dist-packages/ruamel/yaml/composer.py&quot;, line 101, in compose_document
    node = self.compose_node(None, None)
  File &quot;/usr/local/lib/python2.7/dist-packages/ruamel/yaml/composer.py&quot;, line 136, in compose_node
    node = self.compose_sequence_node(anchor)
  File &quot;/usr/local/lib/python2.7/dist-packages/ruamel/yaml/composer.py&quot;, line 179, in compose_sequence_node
    node.value.append(self.compose_node(node, index))
  File &quot;/usr/local/lib/python2.7/dist-packages/ruamel/yaml/composer.py&quot;, line 138, in compose_node
    node = self.compose_mapping_node(anchor)
  File &quot;/usr/local/lib/python2.7/dist-packages/ruamel/yaml/composer.py&quot;, line 217, in compose_mapping_node
    item_value = self.compose_node(node, item_key)
  File &quot;/usr/local/lib/python2.7/dist-packages/ruamel/yaml/composer.py&quot;, line 111, in compose_node
    if self.parser.check_event(AliasEvent):
  File &quot;/usr/local/lib/python2.7/dist-packages/ruamel/yaml/parser.py&quot;, line 141, in check_event
    self.current_event = self.state()
  File &quot;/usr/local/lib/python2.7/dist-packages/ruamel/yaml/parser.py&quot;, line 592, in parse_block_mapping_value
    if self.scanner.check_token(ValueToken):
  File &quot;/usr/local/lib/python2.7/dist-packages/ruamel/yaml/scanner.py&quot;, line 169, in check_token
    self.fetch_more_tokens()
  File &quot;/usr/local/lib/python2.7/dist-packages/ruamel/yaml/scanner.py&quot;, line 321, in fetch_more_tokens
    self.reader.get_mark(),
ruamel.yaml.scanner.ScannerError: while scanning for the next token
found character &#39;\t&#39; that cannot start any token
  in &quot;&lt;byte string&gt;&quot;, line 1, column 7:
    - foo:	 bar
          ^ (line: 1)
</pre>
 </div>


  <div class="framework framework_box_error" id="ruamel-py">
<h3><a href="#ruamel-py">ruamel-py</a></h3>
<span class="status_box color_error">&nbsp;</span>error <pre>Traceback (most recent call last):
  File &quot;/bin/ruamel-py&quot;, line 36, in &lt;module&gt;
    for doc in ruamel.yaml.load_all(sys.stdin.read(), Loader=ruamel.yaml.Loader):
  File &quot;/usr/local/lib/python2.7/dist-packages/ruamel/yaml/main.py&quot;, line 949, in load_all
    yield loader._constructor.get_data()
  File &quot;/usr/local/lib/python2.7/dist-packages/ruamel/yaml/constructor.py&quot;, line 101, in get_data
    return self.construct_document(self.composer.get_node())
  File &quot;/usr/local/lib/python2.7/dist-packages/ruamel/yaml/composer.py&quot;, line 68, in get_node
    return self.compose_document()
  File &quot;/usr/local/lib/python2.7/dist-packages/ruamel/yaml/composer.py&quot;, line 101, in compose_document
    node = self.compose_node(None, None)
  File &quot;/usr/local/lib/python2.7/dist-packages/ruamel/yaml/composer.py&quot;, line 136, in compose_node
    node = self.compose_sequence_node(anchor)
  File &quot;/usr/local/lib/python2.7/dist-packages/ruamel/yaml/composer.py&quot;, line 179, in compose_sequence_node
    node.value.append(self.compose_node(node, index))
  File &quot;/usr/local/lib/python2.7/dist-packages/ruamel/yaml/composer.py&quot;, line 138, in compose_node
    node = self.compose_mapping_node(anchor)
  File &quot;/usr/local/lib/python2.7/dist-packages/ruamel/yaml/composer.py&quot;, line 217, in compose_mapping_node
    item_value = self.compose_node(node, item_key)
  File &quot;/usr/local/lib/python2.7/dist-packages/ruamel/yaml/composer.py&quot;, line 111, in compose_node
    if self.parser.check_event(AliasEvent):
  File &quot;/usr/local/lib/python2.7/dist-packages/ruamel/yaml/parser.py&quot;, line 141, in check_event
    self.current_event = self.state()
  File &quot;/usr/local/lib/python2.7/dist-packages/ruamel/yaml/parser.py&quot;, line 592, in parse_block_mapping_value
    if self.scanner.check_token(ValueToken):
  File &quot;/usr/local/lib/python2.7/dist-packages/ruamel/yaml/scanner.py&quot;, line 169, in check_token
    self.fetch_more_tokens()
  File &quot;/usr/local/lib/python2.7/dist-packages/ruamel/yaml/scanner.py&quot;, line 321, in fetch_more_tokens
    self.reader.get_mark(),
ruamel.yaml.scanner.ScannerError: while scanning for the next token
found character &#39;\t&#39; that cannot start any token
  in &quot;&lt;byte string&gt;&quot;, line 1, column 7:
    - foo:	 bar
          ^ (line: 1)
</pre>
 </div>


  <div class="framework framework_box_error" id="ruby-json">
<h3><a href="#ruby-json">ruby-json</a></h3>
<span class="status_box color_error">&nbsp;</span>error <pre>/usr/lib/ruby/2.3.0/psych.rb:380:in `parse&#39;: (&lt;unknown&gt;): found character that cannot start any token while scanning for the next token at line 3 column 4 (Psych::SyntaxError)
	from /usr/lib/ruby/2.3.0/psych.rb:380:in `parse_stream&#39;
	from /usr/lib/ruby/2.3.0/psych.rb:463:in `load_stream&#39;
	from /bin/ruby-json:6:in `&lt;main&gt;&#39;
</pre>
 </div>


 <hr style="clear: both;">    <div class="framework framework_box_na" id="perl5-pp-pl">
<h3><a href="#perl5-pp-pl">perl5-pp-pl</a></h3>
<span class="status_box color_na">&nbsp;</span>na  <pre>[
  {
    &#39;foo&#39; =&gt; &#39;bar&#39;
  },
  [
    &#39;baz&#39;,
    &#39;baz&#39;
  ]
]
</pre>

 </div>


 <hr style="clear: both;">        </body>
</html>

