<!DOCTYPE html>
<html lang="en">
<head>
<title>#DC7X - Various trailing tabs - YAML Test Matrix</title>
<meta charset='utf-8'>
<link rel="stylesheet" type="text/css" href="../css/yaml.css">
<link rel="stylesheet" type="text/css" href="../css/matrix.css">
<link rel="icon" type="image/x-icon" href="http://www.yaml.io/favicon.ico">
</head>
<body>

<h2><a href="../index.html">YAML Test Matrix</a></h2>
<h3>Test <a href="https://github.com/yaml/yaml-test-suite/blob/master/test/DC7X.tml">#DC7X</a> - Various trailing tabs</h3>

<div class="framework" id="yaml"><h3><a href="#yaml">YAML</a></h3><pre>a: b	
seq:	
 - a	
c: d	#X
</pre></div>
<div class="framework" id="events"><h3><a href="#events">Expected Events</a></h3><pre>+STR
+DOC
+MAP
=VAL :a
=VAL :b
=VAL :seq
+SEQ
=VAL :a
-SEQ
=VAL :c
=VAL :d
-MAP
-DOC
-STR
</pre></div>
<div class="framework" id="json"><h3><a href="#json">Expected JSON</a></h3>
<pre>{<br>   &quot;a&quot; : &quot;b&quot;,<br>   &quot;c&quot; : &quot;d&quot;,<br>   &quot;seq&quot; : [<br>      &quot;a&quot;<br>   ]<br>}<br></pre>
</div>
<hr style="clear: both;">
 <div class="framework" id="cpp-event">
<h3><a href="#cpp-event">cpp-event</a></h3>
 <span class="status_box color_ok">&nbsp;</span>ok
 </div>

 <div class="framework" id="java-event">
<h3><a href="#java-event">java-event</a></h3>
 <span class="status_box color_error">&nbsp;</span>error <pre>Exception in thread &quot;main&quot; while scanning for the next token
found character &#39;\t(TAB)&#39; that cannot start any token. (Do not use \t(TAB) for indentation)
 in &#39;reader&#39;, line 2, column 5:
    seq:	
        ^

	at org.yaml.snakeyaml.scanner.ScannerImpl.fetchMoreTokens(ScannerImpl.java:421)
	at org.yaml.snakeyaml.scanner.ScannerImpl.checkToken(ScannerImpl.java:226)
	at org.yaml.snakeyaml.parser.ParserImpl$ParseBlockMappingValue.produce(ParserImpl.java:585)
	at org.yaml.snakeyaml.parser.ParserImpl.peekEvent(ParserImpl.java:157)
	at org.yaml.snakeyaml.Yaml$3.hasNext(Yaml.java:713)
	at org.yaml.editor.Snake2Events.yamlToEvents(Snake2Events.java:109)
	at org.yaml.editor.Snake2Events.main(Snake2Events.java:117)
</pre>
 </div>

 <div class="framework" id="java-json">
<h3><a href="#java-json">java-json</a></h3>
 <span class="status_box color_error">&nbsp;</span>error <pre>Exception in thread &quot;main&quot; while scanning for the next token
found character &#39;\t(TAB)&#39; that cannot start any token. (Do not use \t(TAB) for indentation)
 in &#39;reader&#39;, line 2, column 5:
    seq:	
        ^

	at org.yaml.snakeyaml.scanner.ScannerImpl.fetchMoreTokens(ScannerImpl.java:421)
	at org.yaml.snakeyaml.scanner.ScannerImpl.checkToken(ScannerImpl.java:226)
	at org.yaml.snakeyaml.parser.ParserImpl$ParseBlockMappingValue.produce(ParserImpl.java:585)
	at org.yaml.snakeyaml.parser.ParserImpl.peekEvent(ParserImpl.java:157)
	at org.yaml.snakeyaml.parser.ParserImpl.checkEvent(ParserImpl.java:147)
	at org.yaml.snakeyaml.composer.Composer.composeNode(Composer.java:133)
	at org.yaml.snakeyaml.composer.Composer.composeValueNode(Composer.java:249)
	at org.yaml.snakeyaml.composer.Composer.composeMappingChildren(Composer.java:240)
	at org.yaml.snakeyaml.composer.Composer.composeMappingNode(Composer.java:228)
	at org.yaml.snakeyaml.composer.Composer.composeNode(Composer.java:154)
	at org.yaml.snakeyaml.composer.Composer.composeDocument(Composer.java:122)
	at org.yaml.snakeyaml.composer.Composer.getNode(Composer.java:84)
	at org.yaml.snakeyaml.constructor.BaseConstructor.getData(BaseConstructor.java:123)
	at org.yaml.snakeyaml.Yaml$1.next(Yaml.java:547)
	at org.yaml.editor.Snake2Json.yamlToJson(Snake2Json.java:18)
	at org.yaml.editor.Snake2Json.main(Snake2Json.java:25)
</pre>
 </div>

 <div class="framework" id="js-yaml-json">
<h3><a href="#js-yaml-json">js-yaml-json</a></h3>
 <span class="status_box color_json_ok">&nbsp;</span>json_ok
 </div>

 <div class="framework" id="libyaml-event">
<h3><a href="#libyaml-event">libyaml-event</a></h3>
 <span class="status_box color_ok">&nbsp;</span>ok
 </div>

 <div class="framework" id="luajit-json">
<h3><a href="#luajit-json">luajit-json</a></h3>
 <span class="status_box color_json_ok">&nbsp;</span>json_ok
 </div>

 <div class="framework" id="nimyaml-event">
<h3><a href="#nimyaml-event">nimyaml-event</a></h3>
 <span class="status_box color_ok">&nbsp;</span>ok
 </div>

 <div class="framework" id="perl5-pegex-event">
<h3><a href="#perl5-pegex-event">perl5-pegex-event</a></h3>
 <span class="status_box color_ok">&nbsp;</span>ok
 </div>

 <div class="framework" id="perl5-pm-json">
<h3><a href="#perl5-pm-json">perl5-pm-json</a></h3>
 <span class="status_box color_json_diff">&nbsp;</span>json_diff
<pre><span
class="">{</span>
<span
class="">   &quot;a&quot; : &quot;b&quot;,</span>
<span
class="diff_line">   &quot;c&quot; : &quot;d\t#X&quot;,</span>
<span
class="">   &quot;seq&quot; : [</span>
<span
class="">      &quot;a&quot;</span>
<span
class="">   ]</span>
<span
class="">}</span>
</pre>
 </div>

 <div class="framework" id="perl5-pm-pl">
<h3><a href="#perl5-pm-pl">perl5-pm-pl</a></h3>
 <span class="status_box color_na">&nbsp;</span>n/a
<pre>{
  &#39;a&#39; =&gt; &#39;b&#39;,
  &#39;c&#39; =&gt; &#39;d	#X&#39;,
  &#39;seq&#39; =&gt; [
             &#39;a&#39;
           ]
}
</pre>

 </div>

 <div class="framework" id="perl5-pp-event">
<h3><a href="#perl5-pp-event">perl5-pp-event</a></h3>
 <span class="status_box color_ok">&nbsp;</span>ok
 </div>

 <div class="framework" id="perl5-pp-json">
<h3><a href="#perl5-pp-json">perl5-pp-json</a></h3>
 <span class="status_box color_json_ok">&nbsp;</span>json_ok
 </div>

 <div class="framework" id="perl5-pp-pl">
<h3><a href="#perl5-pp-pl">perl5-pp-pl</a></h3>
 <span class="status_box color_na">&nbsp;</span>n/a
<pre>{
  &#39;a&#39; =&gt; &#39;b&#39;,
  &#39;c&#39; =&gt; &#39;d&#39;,
  &#39;seq&#39; =&gt; [
             &#39;a&#39;
           ]
}
</pre>

 </div>

 <div class="framework" id="perl5-syck-json">
<h3><a href="#perl5-syck-json">perl5-syck-json</a></h3>
 <span class="status_box color_error">&nbsp;</span>error <pre>Syck parser (line 7, column 0): syntax error at /lib/perl5/x86_64-linux-gnu-thread-multi/YAML/Syck.pm line 75, &lt;&gt; line 1.
</pre>
 </div>

 <div class="framework" id="perl5-syck-pl">
<h3><a href="#perl5-syck-pl">perl5-syck-pl</a></h3>
 <span class="status_box color_error">&nbsp;</span>error <pre>Syck parser (line 7, column 0): syntax error at /lib/perl5/x86_64-linux-gnu-thread-multi/YAML/Syck.pm line 75, &lt;&gt; line 1.
</pre>
 </div>

 <div class="framework" id="perl5-tiny-json">
<h3><a href="#perl5-tiny-json">perl5-tiny-json</a></h3>
 <span class="status_box color_json_ok">&nbsp;</span>json_ok
 </div>

 <div class="framework" id="perl5-tiny-pl">
<h3><a href="#perl5-tiny-pl">perl5-tiny-pl</a></h3>
 <span class="status_box color_na">&nbsp;</span>n/a
<pre>{
  &#39;a&#39; =&gt; &#39;b&#39;,
  &#39;c&#39; =&gt; &#39;d&#39;,
  &#39;seq&#39; =&gt; [
           &#39;a&#39;
         ]
}
</pre>

 </div>

 <div class="framework" id="perl5-xs-json">
<h3><a href="#perl5-xs-json">perl5-xs-json</a></h3>
 <span class="status_box color_json_ok">&nbsp;</span>json_ok
 </div>

 <div class="framework" id="perl5-xs-pl">
<h3><a href="#perl5-xs-pl">perl5-xs-pl</a></h3>
 <span class="status_box color_na">&nbsp;</span>n/a
<pre>{
  &#39;a&#39; =&gt; &#39;b&#39;,
  &#39;c&#39; =&gt; &#39;d&#39;,
  &#39;seq&#39; =&gt; [
             &#39;a&#39;
           ]
}
</pre>

 </div>

 <div class="framework" id="pyyaml-event">
<h3><a href="#pyyaml-event">pyyaml-event</a></h3>
 <span class="status_box color_error">&nbsp;</span>error <pre>+STR
+DOC
+MAP
=VAL :a
=VAL :b
Traceback (most recent call last):
  File &quot;/bin/pyyaml-event&quot;, line 7, in &lt;module&gt;
    for event in yaml.parse(sys.stdin.read()):
  File &quot;/lib/python2.7/site-packages/yaml/__init__.py&quot;, line 36, in parse
    while loader.check_event():
  File &quot;/lib/python2.7/site-packages/yaml/parser.py&quot;, line 98, in check_event
    self.current_event = self.state()
  File &quot;/lib/python2.7/site-packages/yaml/parser.py&quot;, line 428, in parse_block_mapping_key
    if self.check_token(KeyToken):
  File &quot;/lib/python2.7/site-packages/yaml/scanner.py&quot;, line 116, in check_token
    self.fetch_more_tokens()
  File &quot;/lib/python2.7/site-packages/yaml/scanner.py&quot;, line 257, in fetch_more_tokens
    % ch.encode(&#39;utf-8&#39;), self.get_mark())
yaml.scanner.ScannerError: while scanning for the next token
found character &#39;\t&#39; that cannot start any token
  in &quot;&lt;string&gt;&quot;, line 1, column 5:
    a: b	
        ^
</pre>
 </div>

 <div class="framework" id="pyyaml-json">
<h3><a href="#pyyaml-json">pyyaml-json</a></h3>
 <span class="status_box color_error">&nbsp;</span>error <pre>Traceback (most recent call last):
  File &quot;/bin/pyyaml-json&quot;, line 8, in &lt;module&gt;
    for doc in yaml.load_all(sys.stdin.read()):
  File &quot;/lib/python2.7/site-packages/yaml/__init__.py&quot;, line 90, in load_all
    yield loader.get_data()
  File &quot;/lib/python2.7/site-packages/yaml/constructor.py&quot;, line 33, in get_data
    return self.construct_document(self.get_node())
  File &quot;/lib/python2.7/site-packages/yaml/composer.py&quot;, line 27, in get_node
    return self.compose_document()
  File &quot;/lib/python2.7/site-packages/yaml/composer.py&quot;, line 55, in compose_document
    node = self.compose_node(None, None)
  File &quot;/lib/python2.7/site-packages/yaml/composer.py&quot;, line 84, in compose_node
    node = self.compose_mapping_node(anchor)
  File &quot;/lib/python2.7/site-packages/yaml/composer.py&quot;, line 127, in compose_mapping_node
    while not self.check_event(MappingEndEvent):
  File &quot;/lib/python2.7/site-packages/yaml/parser.py&quot;, line 98, in check_event
    self.current_event = self.state()
  File &quot;/lib/python2.7/site-packages/yaml/parser.py&quot;, line 428, in parse_block_mapping_key
    if self.check_token(KeyToken):
  File &quot;/lib/python2.7/site-packages/yaml/scanner.py&quot;, line 116, in check_token
    self.fetch_more_tokens()
  File &quot;/lib/python2.7/site-packages/yaml/scanner.py&quot;, line 257, in fetch_more_tokens
    % ch.encode(&#39;utf-8&#39;), self.get_mark())
yaml.scanner.ScannerError: while scanning for the next token
found character &#39;\t&#39; that cannot start any token
  in &quot;&lt;string&gt;&quot;, line 1, column 5:
    a: b	
        ^
</pre>
 </div>

 <div class="framework" id="pyyaml-py">
<h3><a href="#pyyaml-py">pyyaml-py</a></h3>
 <span class="status_box color_error">&nbsp;</span>error <pre>Traceback (most recent call last):
  File &quot;/bin/pyyaml-py&quot;, line 7, in &lt;module&gt;
    for doc in yaml.load_all(sys.stdin.read()):
  File &quot;/lib/python2.7/site-packages/yaml/__init__.py&quot;, line 90, in load_all
    yield loader.get_data()
  File &quot;/lib/python2.7/site-packages/yaml/constructor.py&quot;, line 33, in get_data
    return self.construct_document(self.get_node())
  File &quot;/lib/python2.7/site-packages/yaml/composer.py&quot;, line 27, in get_node
    return self.compose_document()
  File &quot;/lib/python2.7/site-packages/yaml/composer.py&quot;, line 55, in compose_document
    node = self.compose_node(None, None)
  File &quot;/lib/python2.7/site-packages/yaml/composer.py&quot;, line 84, in compose_node
    node = self.compose_mapping_node(anchor)
  File &quot;/lib/python2.7/site-packages/yaml/composer.py&quot;, line 127, in compose_mapping_node
    while not self.check_event(MappingEndEvent):
  File &quot;/lib/python2.7/site-packages/yaml/parser.py&quot;, line 98, in check_event
    self.current_event = self.state()
  File &quot;/lib/python2.7/site-packages/yaml/parser.py&quot;, line 428, in parse_block_mapping_key
    if self.check_token(KeyToken):
  File &quot;/lib/python2.7/site-packages/yaml/scanner.py&quot;, line 116, in check_token
    self.fetch_more_tokens()
  File &quot;/lib/python2.7/site-packages/yaml/scanner.py&quot;, line 257, in fetch_more_tokens
    % ch.encode(&#39;utf-8&#39;), self.get_mark())
yaml.scanner.ScannerError: while scanning for the next token
found character &#39;\t&#39; that cannot start any token
  in &quot;&lt;string&gt;&quot;, line 1, column 5:
    a: b	
        ^
</pre>
 </div>

 <div class="framework" id="ruamel-event">
<h3><a href="#ruamel-event">ruamel-event</a></h3>
 <span class="status_box color_error">&nbsp;</span>error <pre>+STR
+DOC
+MAP
=VAL :a
=VAL :b
Traceback (most recent call last):
  File &quot;/bin/ruamel-event&quot;, line 7, in &lt;module&gt;
    for event in ruamel.yaml.parse(sys.stdin.read()):
  File &quot;/usr/local/lib/python2.7/dist-packages/ruamel/yaml/main.py&quot;, line 52, in parse
    while loader._parser.check_event():
  File &quot;/usr/local/lib/python2.7/dist-packages/ruamel/yaml/parser.py&quot;, line 130, in check_event
    self.current_event = self.state()
  File &quot;/usr/local/lib/python2.7/dist-packages/ruamel/yaml/parser.py&quot;, line 518, in parse_block_mapping_key
    if self.scanner.check_token(KeyToken):
  File &quot;/usr/local/lib/python2.7/dist-packages/ruamel/yaml/scanner.py&quot;, line 140, in check_token
    self.fetch_more_tokens()
  File &quot;/usr/local/lib/python2.7/dist-packages/ruamel/yaml/scanner.py&quot;, line 290, in fetch_more_tokens
    % utf8(ch), self.reader.get_mark())
ruamel.yaml.scanner.ScannerError: while scanning for the next token
found character &#39;\t&#39; that cannot start any token
  in &quot;&lt;byte string&gt;&quot;, line 1, column 5:
    a: b	
        ^ (line: 1)
</pre>
 </div>

 <div class="framework" id="ruamel-json">
<h3><a href="#ruamel-json">ruamel-json</a></h3>
 <span class="status_box color_error">&nbsp;</span>error <pre>Traceback (most recent call last):
  File &quot;/bin/ruamel-json&quot;, line 8, in &lt;module&gt;
    for doc in ruamel.yaml.load_all(sys.stdin.read(), Loader=ruamel.yaml.Loader):
  File &quot;/usr/local/lib/python2.7/dist-packages/ruamel/yaml/main.py&quot;, line 113, in load_all
    yield loader._constructor.get_data()
  File &quot;/usr/local/lib/python2.7/dist-packages/ruamel/yaml/constructor.py&quot;, line 79, in get_data
    return self.construct_document(self.composer.get_node())
  File &quot;/usr/local/lib/python2.7/dist-packages/ruamel/yaml/composer.py&quot;, line 60, in get_node
    return self.compose_document()
  File &quot;/usr/local/lib/python2.7/dist-packages/ruamel/yaml/composer.py&quot;, line 91, in compose_document
    node = self.compose_node(None, None)
  File &quot;/usr/local/lib/python2.7/dist-packages/ruamel/yaml/composer.py&quot;, line 127, in compose_node
    node = self.compose_mapping_node(anchor)
  File &quot;/usr/local/lib/python2.7/dist-packages/ruamel/yaml/composer.py&quot;, line 182, in compose_mapping_node
    while not self.parser.check_event(MappingEndEvent):
  File &quot;/usr/local/lib/python2.7/dist-packages/ruamel/yaml/parser.py&quot;, line 130, in check_event
    self.current_event = self.state()
  File &quot;/usr/local/lib/python2.7/dist-packages/ruamel/yaml/parser.py&quot;, line 518, in parse_block_mapping_key
    if self.scanner.check_token(KeyToken):
  File &quot;/usr/local/lib/python2.7/dist-packages/ruamel/yaml/scanner.py&quot;, line 140, in check_token
    self.fetch_more_tokens()
  File &quot;/usr/local/lib/python2.7/dist-packages/ruamel/yaml/scanner.py&quot;, line 290, in fetch_more_tokens
    % utf8(ch), self.reader.get_mark())
ruamel.yaml.scanner.ScannerError: while scanning for the next token
found character &#39;\t&#39; that cannot start any token
  in &quot;&lt;byte string&gt;&quot;, line 1, column 5:
    a: b	
        ^ (line: 1)
</pre>
 </div>

 <div class="framework" id="ruamel-py">
<h3><a href="#ruamel-py">ruamel-py</a></h3>
 <span class="status_box color_error">&nbsp;</span>error <pre>Traceback (most recent call last):
  File &quot;/bin/ruamel-py&quot;, line 7, in &lt;module&gt;
    for doc in ruamel.yaml.load_all(sys.stdin.read(), Loader=ruamel.yaml.Loader):
  File &quot;/usr/local/lib/python2.7/dist-packages/ruamel/yaml/main.py&quot;, line 113, in load_all
    yield loader._constructor.get_data()
  File &quot;/usr/local/lib/python2.7/dist-packages/ruamel/yaml/constructor.py&quot;, line 79, in get_data
    return self.construct_document(self.composer.get_node())
  File &quot;/usr/local/lib/python2.7/dist-packages/ruamel/yaml/composer.py&quot;, line 60, in get_node
    return self.compose_document()
  File &quot;/usr/local/lib/python2.7/dist-packages/ruamel/yaml/composer.py&quot;, line 91, in compose_document
    node = self.compose_node(None, None)
  File &quot;/usr/local/lib/python2.7/dist-packages/ruamel/yaml/composer.py&quot;, line 127, in compose_node
    node = self.compose_mapping_node(anchor)
  File &quot;/usr/local/lib/python2.7/dist-packages/ruamel/yaml/composer.py&quot;, line 182, in compose_mapping_node
    while not self.parser.check_event(MappingEndEvent):
  File &quot;/usr/local/lib/python2.7/dist-packages/ruamel/yaml/parser.py&quot;, line 130, in check_event
    self.current_event = self.state()
  File &quot;/usr/local/lib/python2.7/dist-packages/ruamel/yaml/parser.py&quot;, line 518, in parse_block_mapping_key
    if self.scanner.check_token(KeyToken):
  File &quot;/usr/local/lib/python2.7/dist-packages/ruamel/yaml/scanner.py&quot;, line 140, in check_token
    self.fetch_more_tokens()
  File &quot;/usr/local/lib/python2.7/dist-packages/ruamel/yaml/scanner.py&quot;, line 290, in fetch_more_tokens
    % utf8(ch), self.reader.get_mark())
ruamel.yaml.scanner.ScannerError: while scanning for the next token
found character &#39;\t&#39; that cannot start any token
  in &quot;&lt;byte string&gt;&quot;, line 1, column 5:
    a: b	
        ^ (line: 1)
</pre>
 </div>

 <div class="framework" id="ruby-json">
<h3><a href="#ruby-json">ruby-json</a></h3>
 <span class="status_box color_json_ok">&nbsp;</span>json_ok
 </div>

 </body>
</html>

